<?xml version="1.0" encoding="UTF-8"?>
<!-- Generated by org.testng.reporters.JUnitReportReporter -->
<testsuite hostname="LAPTOP-D6P26CD0" failures="0" tests="1" name="Android.Topic_06_SwipeLeft" time="2.809" errors="0" timestamp="2021-03-09T16:39:19 ICT" skipped="0">
  <testcase classname="Android.Topic_06_SwipeLeft" name="TC_02_Filter" time="2.809"/>
  <system-out/>
</testsuite> <!-- Android.Topic_06_SwipeLeft -->
