<?xml version="1.0" encoding="UTF-8"?>
<!-- Generated by org.testng.reporters.JUnitReportReporter -->
<testsuite hostname="LAPTOP-9G9NNS6C" failures="0" tests="2" name="Android.Topic_06_SwipeLeft" time="12.916" errors="0" timestamp="2021-03-06T23:02:21 ICT" skipped="0">
  <testcase classname="Android.Topic_06_SwipeLeft" name="TC_02_Filter" time="6.478"/>
  <system-out/>
  <testcase classname="Android.Topic_06_SwipeLeft" name="TC_01_Login_Successfully" time="6.438"/>
  <system-out/>
</testsuite> <!-- Android.Topic_06_SwipeLeft -->
