<?xml version="1.0" encoding="UTF-8"?>
<!-- Generated by org.testng.reporters.JUnitReportReporter -->
<testsuite hostname="LAPTOP-D6P26CD0" failures="0" tests="1" name="Android.TestAppium" time="0.006" errors="0" timestamp="2021-02-23T17:47:20 ICT" skipped="0">
  <testcase classname="Android.TestAppium" name="f" time="0.006"/>
  <system-out/>
</testsuite> <!-- Android.TestAppium -->
