<?xml version="1.0" encoding="UTF-8"?>
<!-- Generated by org.testng.reporters.JUnitReportReporter -->
<testsuite hostname="LAPTOP-9G9NNS6C" failures="0" tests="1" name="Android.Topic_04_TestDeepLink$Topic_03_ZoomIn_Out" time="2.168" errors="0" timestamp="2021-03-01T21:43:53 ICT" skipped="0">
  <testcase classname="Android.Topic_04_TestDeepLink$Topic_03_ZoomIn_Out" name="TC_01_Test_Deeplink" time="2.168"/>
  <system-out/>
</testsuite> <!-- Android.Topic_04_TestDeepLink$Topic_03_ZoomIn_Out -->
