<?xml version="1.0" encoding="UTF-8"?>
<!-- Generated by org.testng.reporters.JUnitReportReporter -->
<testsuite hostname="LAPTOP-D6P26CD0" failures="0" tests="2" name="Android.Topic_01_BasicTest" time="17.470" errors="0" timestamp="2021-03-05T15:26:31 ICT" skipped="0">
  <testcase classname="Android.Topic_01_BasicTest" name="TC_01_Login_Successfully" time="6.332"/>
  <system-out/>
  <testcase classname="Android.Topic_01_BasicTest" name="TC_02_Filter" time="11.138"/>
  <system-out/>
</testsuite> <!-- Android.Topic_01_BasicTest -->
