<?xml version="1.0" encoding="UTF-8"?>
<!-- Generated by org.testng.reporters.JUnitReportReporter -->
<testsuite hostname="LAPTOP-9G9NNS6C" failures="0" tests="1" name="Android.Topic_12_BasicTest" time="3.563" errors="0" timestamp="2021-02-25T20:45:19 ICT" skipped="0">
  <testcase classname="Android.Topic_12_BasicTest" name="TC_01_invalidUsername" time="3.563"/>
  <system-out/>
</testsuite> <!-- Android.Topic_12_BasicTest -->
