<?xml version="1.0" encoding="UTF-8"?>
<!-- Generated by org.testng.reporters.JUnitReportReporter -->
<testsuite hostname="LAPTOP-D6P26CD0" failures="0" tests="2" name="Android.Topic_01_BasicTest" time="20.335" errors="0" timestamp="2021-03-03T08:47:16 ICT" skipped="0">
  <testcase classname="Android.Topic_01_BasicTest" name="TC_01_Login_Successfully" time="6.353"/>
  <system-out/>
  <testcase classname="Android.Topic_01_BasicTest" name="TC_02_Filter" time="13.982"/>
  <system-out/>
</testsuite> <!-- Android.Topic_01_BasicTest -->
