<?xml version="1.0" encoding="UTF-8"?>
<!-- Generated by org.testng.reporters.JUnitReportReporter -->
<testsuite hostname="LAPTOP-D6P26CD0" failures="0" tests="1" name="Android.Topic_03_ZoomIn_Out" time="30.331" errors="0" timestamp="2021-03-09T17:30:46 ICT" skipped="0">
  <testcase classname="Android.Topic_03_ZoomIn_Out" name="TC_02_Login_Successfully" time="30.331"/>
  <system-out/>
</testsuite> <!-- Android.Topic_03_ZoomIn_Out -->
