<?xml version="1.0" encoding="UTF-8"?>
<!-- Generated by org.testng.reporters.JUnitReportReporter -->
<testsuite hostname="LAPTOP-D6P26CD0" failures="0" tests="2" name="Android.Topic_06_SwipeLeft" time="12.143" errors="0" timestamp="2021-03-06T17:30:06 ICT" skipped="0">
  <testcase classname="Android.Topic_06_SwipeLeft" name="TC_02_Filter" time="5.742"/>
  <system-out/>
  <testcase classname="Android.Topic_06_SwipeLeft" name="TC_01_Login_Successfully" time="6.401"/>
  <system-out/>
</testsuite> <!-- Android.Topic_06_SwipeLeft -->
