<?xml version="1.0" encoding="UTF-8"?>
<!-- Generated by org.testng.reporters.JUnitReportReporter -->
<testsuite hostname="LAPTOP-D6P26CD0" failures="0" tests="1" name="Android.Topic_12_BasicTest" time="4.293" errors="0" timestamp="2021-02-25T18:07:00 ICT" skipped="0">
  <testcase classname="Android.Topic_12_BasicTest" name="TC_01_invalidUsername" time="4.293"/>
  <system-out/>
</testsuite> <!-- Android.Topic_12_BasicTest -->
