<?xml version="1.0" encoding="UTF-8"?>
<!-- Generated by org.testng.reporters.JUnitReportReporter -->
<testsuite hostname="LAPTOP-9G9NNS6C" failures="0" tests="2" name="Android.Topic_01_BasicTest" time="21.299" errors="0" timestamp="2021-03-06T22:48:37 ICT" skipped="0">
  <testcase classname="Android.Topic_01_BasicTest" name="TC_02_Filter" time="14.513"/>
  <system-out/>
  <testcase classname="Android.Topic_01_BasicTest" name="TC_01_Login_Successfully" time="6.786"/>
  <system-out/>
</testsuite> <!-- Android.Topic_01_BasicTest -->
