<?xml version="1.0" encoding="UTF-8"?>
<!-- Generated by org.testng.reporters.JUnitReportReporter -->
<testsuite hostname="LAPTOP-D6P26CD0" failures="0" tests="3" name="Android.Topic_11_Basic_code" time="11.294" errors="0" timestamp="2021-02-24T08:16:47 ICT" skipped="0">
  <testcase classname="Android.Topic_11_Basic_code" name="TC_02_invalidPassword" time="2.526"/>
  <system-out/>
  <testcase classname="Android.Topic_11_Basic_code" name="TC_01_invalidUsername" time="4.995"/>
  <system-out/>
  <testcase classname="Android.Topic_11_Basic_code" name="TC_03_SuccessfulLogin" time="3.773"/>
  <system-out/>
</testsuite> <!-- Android.Topic_11_Basic_code -->
