<?xml version="1.0" encoding="UTF-8"?>
<!-- Generated by org.testng.reporters.JUnitReportReporter -->
<testsuite hostname="LAPTOP-D6P26CD0" failures="0" tests="1" name="BasicCase.Edition067_Zoom_Touch_Gestures" time="32.145" errors="0" timestamp="2021-03-05T15:14:04 ICT" skipped="0">
  <testcase classname="BasicCase.Edition067_Zoom_Touch_Gestures" name="ZoomInAndOut" time="32.145"/>
  <system-out/>
</testsuite> <!-- BasicCase.Edition067_Zoom_Touch_Gestures -->
