<?xml version="1.0" encoding="UTF-8"?>
<!-- Generated by org.testng.reporters.JUnitReportReporter -->
<testsuite hostname="LAPTOP-D6P26CD0" failures="0" tests="1" name="Android.Topic_03_ZoomIn_Out" time="18.554" errors="0" timestamp="2021-03-05T16:15:38 ICT" skipped="0">
  <testcase classname="Android.Topic_03_ZoomIn_Out" name="TC_02_Login_Successfully" time="18.554"/>
  <system-out/>
</testsuite> <!-- Android.Topic_03_ZoomIn_Out -->
