<?xml version="1.0" encoding="UTF-8"?>
<!-- Generated by org.testng.reporters.JUnitReportReporter -->
<testsuite hostname="LAPTOP-9G9NNS6C" failures="0" tests="2" name="Android.Topic_01_BasicTest" time="20.429" errors="0" timestamp="2021-03-01T21:50:42 ICT" skipped="0">
  <testcase classname="Android.Topic_01_BasicTest" name="TC_02_Filter" time="13.861"/>
  <system-out/>
  <testcase classname="Android.Topic_01_BasicTest" name="TC_01_Login_Successfully" time="6.568"/>
  <system-out/>
</testsuite> <!-- Android.Topic_01_BasicTest -->
